Flow report for add_sub_4
Mon Jan 27 00:44:48 2014
Quartus II Version 8.1 Build 163 10/28/2008 SJ Web Edition


---------------------
; Table of Contents ;
---------------------
  1. Legal Notice
  2. Flow Summary
  3. Flow Settings
  4. Flow Non-Default Global Settings
  5. Flow Elapsed Time
  6. Flow OS Summary
  7. Flow Log



----------------
; Legal Notice ;
----------------
Copyright (C) 1991-2008 Altera Corporation
Your use of Altera Corporation's design tools, logic functions 
and other software and tools, and its AMPP partner logic 
functions, and any output files from any of the foregoing 
(including device programming or simulation files), and any 
associated documentation or information are expressly subject 
to the terms and conditions of the Altera Program License 
Subscription Agreement, Altera MegaCore Function License 
Agreement, or other applicable license agreement, including, 
without limitation, that your use is for the sole purpose of 
programming logic devices manufactured by Altera and sold by 
Altera or its authorized distributors.  Please refer to the 
applicable agreement for further details.



+-------------------------------------------------------------------+
; Flow Summary                                                      ;
+-------------------------+-----------------------------------------+
; Flow Status             ; Successful - Mon Jan 27 00:44:48 2014   ;
; Quartus II Version      ; 8.1 Build 163 10/28/2008 SJ Web Edition ;
; Revision Name           ; add_sub_4                               ;
; Top-level Entity Name   ; add_sub_4                               ;
; Family                  ; FLEX10K                                 ;
; Device                  ; EPF10K10TC144-3                         ;
; Timing Models           ; Final                                   ;
; Met timing requirements ; Yes                                     ;
; Total logic elements    ; 18 / 576 ( 3 % )                        ;
; Total pins              ; 14 / 102 ( 14 % )                       ;
; Total memory bits       ; 0 / 6,144 ( 0 % )                       ;
+-------------------------+-----------------------------------------+


+-----------------------------------------+
; Flow Settings                           ;
+-------------------+---------------------+
; Option            ; Setting             ;
+-------------------+---------------------+
; Start date & time ; 01/27/2014 00:44:34 ;
; Main task         ; Compilation         ;
; Revision Name     ; add_sub_4           ;
+-------------------+---------------------+


+-------------------------------------------------------------------------------------------------------------------------+
; Flow Non-Default Global Settings                                                                                        ;
+------------------------------------+-------------------------------+---------------+-------------+----------------------+
; Assignment Name                    ; Value                         ; Default Value ; Entity Name ; Section Id           ;
+------------------------------------+-------------------------------+---------------+-------------+----------------------+
; COMPILER_SIGNATURE_ID              ; 6800682543288.139076187401908 ; --            ; --          ; --                   ;
; EDA_DESIGN_ENTRY_SYNTHESIS_TOOL    ; Design Compiler               ; <None>        ; --          ; --                   ;
; EDA_INPUT_DATA_FORMAT              ; Verilog Hdl                   ; --            ; --          ; eda_design_synthesis ;
; EDA_INPUT_VCC_NAME                 ; Vdd                           ; --            ; --          ; eda_design_synthesis ;
; EDA_LMF_FILE                       ; altsyn.lmf                    ; --            ; --          ; eda_design_synthesis ;
; EDA_OUTPUT_DATA_FORMAT             ; Verilog                       ; --            ; --          ; eda_simulation       ;
; EDA_OUTPUT_DATA_FORMAT             ; Verilog                       ; --            ; --          ; eda_timing_analysis  ;
; EDA_SIMULATION_TOOL                ; Active-HDL (Verilog)          ; <None>        ; --          ; --                   ;
; EDA_TIME_SCALE                     ; 1 ps                          ; --            ; --          ; eda_simulation       ;
; EDA_TIMING_ANALYSIS_TOOL           ; PrimeTime (Verilog)           ; <None>        ; --          ; --                   ;
; MAX_CORE_JUNCTION_TEMP             ; 85                            ; --            ; --          ; --                   ;
; MIN_CORE_JUNCTION_TEMP             ; 0                             ; --            ; --          ; --                   ;
; USE_GENERATED_PHYSICAL_CONSTRAINTS ; Off                           ; --            ; --          ; eda_blast_fpga       ;
+------------------------------------+-------------------------------+---------------+-------------+----------------------+


+-----------------------------------------------------------------------------------------------------------------------------+
; Flow Elapsed Time                                                                                                           ;
+-------------------------+--------------+-------------------------+---------------------+------------------------------------+
; Module Name             ; Elapsed Time ; Average Processors Used ; Peak Virtual Memory ; Total CPU Time (on all processors) ;
+-------------------------+--------------+-------------------------+---------------------+------------------------------------+
; Analysis & Synthesis    ; 00:00:02     ; 1.0                     ; 199 MB              ; 00:00:01                           ;
; Fitter                  ; 00:00:02     ; 1.0                     ; 194 MB              ; 00:00:01                           ;
; Assembler               ; 00:00:01     ; 1.0                     ; 187 MB              ; 00:00:01                           ;
; Classic Timing Analyzer ; 00:00:01     ; 1.0                     ; 157 MB              ; 00:00:00                           ;
; EDA Netlist Writer      ; 00:00:01     ; 1.0                     ; 148 MB              ; 00:00:00                           ;
; Total                   ; 00:00:07     ; --                      ; --                  ; 00:00:03                           ;
+-------------------------+--------------+-------------------------+---------------------+------------------------------------+


+------------------------------------------------------------------------------------------+
; Flow OS Summary                                                                          ;
+-------------------------+------------------+---------------+------------+----------------+
; Module Name             ; Machine Hostname ; OS Name       ; OS Version ; Processor type ;
+-------------------------+------------------+---------------+------------+----------------+
; Analysis & Synthesis    ; redwan_arnob     ; Windows Vista ; 6.2        ; i686           ;
; Fitter                  ; redwan_arnob     ; Windows Vista ; 6.2        ; i686           ;
; Assembler               ; redwan_arnob     ; Windows Vista ; 6.2        ; i686           ;
; Classic Timing Analyzer ; redwan_arnob     ; Windows Vista ; 6.2        ; i686           ;
; EDA Netlist Writer      ; redwan_arnob     ; Windows Vista ; 6.2        ; i686           ;
+-------------------------+------------------+---------------+------------+----------------+


------------
; Flow Log ;
------------
quartus_map --read_settings_files=on --write_settings_files=off add_sub_4 -c add_sub_4
quartus_fit --read_settings_files=off --write_settings_files=off add_sub_4 -c add_sub_4
quartus_asm --read_settings_files=off --write_settings_files=off add_sub_4 -c add_sub_4
quartus_tan --read_settings_files=off --write_settings_files=off add_sub_4 -c add_sub_4
quartus_eda --read_settings_files=off --write_settings_files=off add_sub_4 -c add_sub_4



