Analysis & Synthesis report for add_sub_4
Mon Jan 27 00:44:36 2014
Quartus II Version 8.1 Build 163 10/28/2008 SJ Web Edition


---------------------
; Table of Contents ;
---------------------
  1. Legal Notice
  2. Analysis & Synthesis Summary
  3. Analysis & Synthesis Settings
  4. Analysis & Synthesis Source Files Read
  5. Analysis & Synthesis Resource Usage Summary
  6. Analysis & Synthesis Resource Utilization by Entity
  7. General Register Statistics
  8. Analysis & Synthesis Messages



----------------
; Legal Notice ;
----------------
Copyright (C) 1991-2008 Altera Corporation
Your use of Altera Corporation's design tools, logic functions 
and other software and tools, and its AMPP partner logic 
functions, and any output files from any of the foregoing 
(including device programming or simulation files), and any 
associated documentation or information are expressly subject 
to the terms and conditions of the Altera Program License 
Subscription Agreement, Altera MegaCore Function License 
Agreement, or other applicable license agreement, including, 
without limitation, that your use is for the sole purpose of 
programming logic devices manufactured by Altera and sold by 
Altera or its authorized distributors.  Please refer to the 
applicable agreement for further details.



+-----------------------------------------------------------------------+
; Analysis & Synthesis Summary                                          ;
+-----------------------------+-----------------------------------------+
; Analysis & Synthesis Status ; Successful - Mon Jan 27 00:44:36 2014   ;
; Quartus II Version          ; 8.1 Build 163 10/28/2008 SJ Web Edition ;
; Revision Name               ; add_sub_4                               ;
; Top-level Entity Name       ; add_sub_4                               ;
; Family                      ; FLEX10K                                 ;
; Total logic elements        ; 18                                      ;
; Total pins                  ; 14                                      ;
; Total memory bits           ; 0                                       ;
+-----------------------------+-----------------------------------------+


+--------------------------------------------------------------------------------------------------+
; Analysis & Synthesis Settings                                                                    ;
+----------------------------------------------------------------+-----------------+---------------+
; Option                                                         ; Setting         ; Default Value ;
+----------------------------------------------------------------+-----------------+---------------+
; Device                                                         ; EPF10K10TC144-3 ;               ;
; Top-level entity name                                          ; add_sub_4       ; add_sub_4     ;
; Family name                                                    ; FLEX10K         ; Stratix II    ;
; Type of Retiming Performed During Resynthesis                  ; Full            ;               ;
; Resynthesis Optimization Effort                                ; Normal          ;               ;
; Physical Synthesis Level for Resynthesis                       ; Normal          ;               ;
; Use Generated Physical Constraints File                        ; On              ;               ;
; Use smart compilation                                          ; Off             ; Off           ;
; Create Debugging Nodes for IP Cores                            ; Off             ; Off           ;
; Preserve fewer node names                                      ; On              ; On            ;
; Disable OpenCore Plus hardware evaluation                      ; Off             ; Off           ;
; Verilog Version                                                ; Verilog_2001    ; Verilog_2001  ;
; VHDL Version                                                   ; VHDL93          ; VHDL93        ;
; State Machine Processing                                       ; Auto            ; Auto          ;
; Safe State Machine                                             ; Off             ; Off           ;
; Extract Verilog State Machines                                 ; On              ; On            ;
; Extract VHDL State Machines                                    ; On              ; On            ;
; Ignore Verilog initial constructs                              ; Off             ; Off           ;
; Iteration limit for constant Verilog loops                     ; 5000            ; 5000          ;
; Iteration limit for non-constant Verilog loops                 ; 250             ; 250           ;
; Add Pass-Through Logic to Inferred RAMs                        ; On              ; On            ;
; Parallel Synthesis                                             ; Off             ; Off           ;
; NOT Gate Push-Back                                             ; On              ; On            ;
; Power-Up Don't Care                                            ; On              ; On            ;
; Remove Redundant Logic Cells                                   ; Off             ; Off           ;
; Remove Duplicate Registers                                     ; On              ; On            ;
; Ignore CARRY Buffers                                           ; Off             ; Off           ;
; Ignore CASCADE Buffers                                         ; Off             ; Off           ;
; Ignore GLOBAL Buffers                                          ; Off             ; Off           ;
; Ignore ROW GLOBAL Buffers                                      ; Off             ; Off           ;
; Ignore LCELL Buffers                                           ; Off             ; Off           ;
; Ignore SOFT Buffers                                            ; On              ; On            ;
; Limit AHDL Integers to 32 Bits                                 ; Off             ; Off           ;
; Auto Implement in ROM                                          ; Off             ; Off           ;
; Optimization Technique                                         ; Area            ; Area          ;
; Carry Chain Length                                             ; 32              ; 32            ;
; Cascade Chain Length                                           ; 2               ; 2             ;
; Auto Carry Chains                                              ; On              ; On            ;
; Auto Open-Drain Pins                                           ; On              ; On            ;
; Auto ROM Replacement                                           ; On              ; On            ;
; Auto RAM Replacement                                           ; On              ; On            ;
; Auto Clock Enable Replacement                                  ; On              ; On            ;
; Strict RAM Replacement                                         ; Off             ; Off           ;
; Auto Resource Sharing                                          ; Off             ; Off           ;
; Allow Any RAM Size For Recognition                             ; Off             ; Off           ;
; Allow Any ROM Size For Recognition                             ; Off             ; Off           ;
; Use LogicLock Constraints during Resource Balancing            ; On              ; On            ;
; Ignore translate_off and synthesis_off directives              ; Off             ; Off           ;
; Show Parameter Settings Tables in Synthesis Report             ; On              ; On            ;
; HDL message level                                              ; Level2          ; Level2        ;
; Suppress Register Optimization Related Messages                ; Off             ; Off           ;
; Number of Removed Registers Reported in Synthesis Report       ; 100             ; 100           ;
; Number of Inverted Registers Reported in Synthesis Report      ; 100             ; 100           ;
; Block Design Naming                                            ; Auto            ; Auto          ;
; Synthesis Effort                                               ; Auto            ; Auto          ;
; Allows Asynchronous Clear Usage For Shift Register Replacement ; On              ; On            ;
; Analysis & Synthesis Message Level                             ; Medium          ; Medium        ;
+----------------------------------------------------------------+-----------------+---------------+


+-------------------------------------------------------------------------------------------------------------------------------------------------------------+
; Analysis & Synthesis Source Files Read                                                                                                                      ;
+----------------------------------+-----------------+------------------------------------+-------------------------------------------------------------------+
; File Name with User-Entered Path ; Used in Netlist ; File Type                          ; File Name with Absolute Path                                      ;
+----------------------------------+-----------------+------------------------------------+-------------------------------------------------------------------+
; add_sub_4.bdf                    ; yes             ; User Block Diagram/Schematic File  ; E:/workspaces/verilog workspace/add substract 4 bit/add_sub_4.bdf ;
; 7483.bdf                         ; yes             ; Megafunction                       ; c:/altera/81/quartus/libraries/others/maxplus2/7483.bdf           ;
+----------------------------------+-----------------+------------------------------------+-------------------------------------------------------------------+


+---------------------------------------------+
; Analysis & Synthesis Resource Usage Summary ;
+--------------------------------+------------+
; Resource                       ; Usage      ;
+--------------------------------+------------+
; Total logic elements           ; 18         ;
; Total combinational functions  ; 18         ;
;     -- Total 4-input functions ; 7          ;
;     -- Total 3-input functions ; 9          ;
;     -- Total 2-input functions ; 2          ;
;     -- Total 1-input functions ; 0          ;
;     -- Total 0-input functions ; 0          ;
; Total registers                ; 0          ;
; I/O pins                       ; 14         ;
; Maximum fan-out node           ; ADD_SUB    ;
; Maximum fan-out                ; 11         ;
; Total fan-out                  ; 65         ;
; Average fan-out                ; 2.03       ;
+--------------------------------+------------+


+---------------------------------------------------------------------------------------------------------------------------------------------------------------------------------------------------------+
; Analysis & Synthesis Resource Utilization by Entity                                                                                                                                                     ;
+----------------------------+-------------+--------------+-------------+------+--------------+-------------------+------------------+-----------------+------------+----------------------+--------------+
; Compilation Hierarchy Node ; Logic Cells ; LC Registers ; Memory Bits ; Pins ; LUT-Only LCs ; Register-Only LCs ; LUT/Register LCs ; Carry Chain LCs ; Packed LCs ; Full Hierarchy Name  ; Library Name ;
+----------------------------+-------------+--------------+-------------+------+--------------+-------------------+------------------+-----------------+------------+----------------------+--------------+
; |add_sub_4                 ; 18 (1)      ; 0            ; 0           ; 14   ; 18 (1)       ; 0 (0)             ; 0 (0)            ; 0 (0)           ; 0 (0)      ; |add_sub_4           ; work         ;
;    |7483:inst|             ; 17 (17)     ; 0            ; 0           ; 0    ; 17 (17)      ; 0 (0)             ; 0 (0)            ; 0 (0)           ; 0 (0)      ; |add_sub_4|7483:inst ; work         ;
+----------------------------+-------------+--------------+-------------+------+--------------+-------------------+------------------+-----------------+------------+----------------------+--------------+
Note: For table entries with two numbers listed, the numbers in parentheses indicate the number of resources of the given type used by the specific entity alone. The numbers listed outside of parentheses indicate the total resources of the given type used by the specific entity and all of its sub-entities in the hierarchy.


+------------------------------------------------------+
; General Register Statistics                          ;
+----------------------------------------------+-------+
; Statistic                                    ; Value ;
+----------------------------------------------+-------+
; Total registers                              ; 0     ;
; Number of registers using Synchronous Clear  ; 0     ;
; Number of registers using Synchronous Load   ; 0     ;
; Number of registers using Asynchronous Clear ; 0     ;
; Number of registers using Asynchronous Load  ; 0     ;
; Number of registers using Clock Enable       ; 0     ;
; Number of registers using Preset             ; 0     ;
+----------------------------------------------+-------+


+-------------------------------+
; Analysis & Synthesis Messages ;
+-------------------------------+
Info: *******************************************************************
Info: Running Quartus II Analysis & Synthesis
    Info: Version 8.1 Build 163 10/28/2008 SJ Web Edition
    Info: Processing started: Mon Jan 27 00:44:34 2014
Info: Command: quartus_map --read_settings_files=on --write_settings_files=off add_sub_4 -c add_sub_4
Info: Found 1 design units, including 1 entities, in source file add_sub_4.bdf
    Info: Found entity 1: add_sub_4
Info: Elaborating entity "add_sub_4" for the top level hierarchy
Info: Elaborating entity "7483" for hierarchy "7483:inst"
Info: Elaborated megafunction instantiation "7483:inst"
Info: Ignored 1 buffer(s)
    Info: Ignored 1 SOFT buffer(s)
Info: Implemented 32 device resources after synthesis - the final resource count might be different
    Info: Implemented 9 input pins
    Info: Implemented 5 output pins
    Info: Implemented 18 logic cells
Info: Quartus II Analysis & Synthesis was successful. 0 errors, 0 warnings
    Info: Peak virtual memory: 199 megabytes
    Info: Processing ended: Mon Jan 27 00:44:36 2014
    Info: Elapsed time: 00:00:02
    Info: Total CPU time (on all processors): 00:00:01


